<?xml version="1.0" encoding="utf-8" standalone="no"?>
<!--This file represents the results of running a test suite-->
<test-results name="C:\Users\jaredpar\VsVim\VsVim.nunit" total="1" errors="0" failures="0" not-run="0" inconclusive="0" ignored="0" skipped="0" invalid="0" date="2009-12-14" time="13:30:10">
  <environment nunit-version="2.5.3.9345" clr-version="4.0.21006.1" os-version="Microsoft Windows NT 6.1.7600.0" platform="Win32NT" cwd="C:\Program Files (x86)\NUnit 2.5.3\bin\net-2.0" machine-name="JAREDPAR02" user="jaredpar" user-domain="REDMOND" />
  <culture-info current-culture="en-US" current-uiculture="en-US" />
  <test-suite name="C:\Users\jaredpar\VsVim\VsVim.nunit" executed="True" success="True" time="15.388" asserts="0">
    <results>
      <test-suite name="C:\Users\jaredpar\VsVim\VimCoreTest\bin\Debug\VimCoreTest.dll" executed="True" success="True" time="15.363" asserts="0">
        <properties>
          <property name="APARTMENT_STATE" value="STA" />
        </properties>
        <results>
          <test-suite name="VimCoreTest" executed="True" success="True" time="15.347" asserts="0">
            <results>
              <test-suite name="NormalModeTest" executed="True" success="True" time="15.341" asserts="0">
                <results>
                  <test-case name="VimCoreTest.NormalModeTest.Edit_2x" executed="True" success="True" time="15.280" asserts="3" />
                </results>
              </test-suite>
            </results>
          </test-suite>
        </results>
      </test-suite>
    </results>
  </test-suite>
</test-results>