<?xml version="1.0" encoding="utf-8" standalone="no"?>
<!--This file represents the results of running a test suite-->
<test-results name="C:\Users\jaredpar\VsVim\VsVim.nunit" total="25" errors="0" failures="0" not-run="0" inconclusive="0" ignored="0" skipped="0" invalid="0" date="2009-12-14" time="14:50:52">
  <environment nunit-version="2.5.3.9345" clr-version="4.0.21006.1" os-version="Microsoft Windows NT 6.1.7600.0" platform="Win32NT" cwd="C:\Program Files (x86)\NUnit 2.5.3\bin\net-2.0" machine-name="JAREDPAR02" user="jaredpar" user-domain="REDMOND" />
  <culture-info current-culture="en-US" current-uiculture="en-US" />
  <test-suite name="C:\Users\jaredpar\VsVim\VsVim.nunit" executed="True" success="True" time="7.474" asserts="0">
    <results>
      <test-suite name="C:\Users\jaredpar\VsVim\VimCoreTest\bin\Debug\VimCoreTest.dll" executed="True" success="True" time="7.444" asserts="0">
        <properties>
          <property name="APARTMENT_STATE" value="STA" />
        </properties>
        <results>
          <test-suite name="VimCoreTest" executed="True" success="True" time="7.368" asserts="0">
            <results>
              <test-suite name="MotionCaptureTest" executed="True" success="True" time="7.321" asserts="0">
                <results>
                  <test-case name="VimCoreTest.MotionCaptureTest.AllWord1" executed="True" success="True" time="6.160" asserts="4" />
                  <test-case name="VimCoreTest.MotionCaptureTest.AllWord2" executed="True" success="True" time="0.011" asserts="4" />
                  <test-case name="VimCoreTest.MotionCaptureTest.AllWord3" executed="True" success="True" time="0.038" asserts="5" />
                  <test-case name="VimCoreTest.MotionCaptureTest.BadInput" executed="True" success="True" time="0.029" asserts="2" />
                  <test-case name="VimCoreTest.MotionCaptureTest.BadInput2" description="Keep gettnig input until it's escaped" executed="True" success="True" time="0.007" asserts="3" />
                  <test-case name="VimCoreTest.MotionCaptureTest.CharLeft1" executed="True" success="True" time="0.005" asserts="4" />
                  <test-case name="VimCoreTest.MotionCaptureTest.CharLeft2" description="Make sure that counts are multiplied" executed="True" success="True" time="0.001" asserts="3" />
                  <test-case name="VimCoreTest.MotionCaptureTest.CharRight1" executed="True" success="True" time="0.017" asserts="4" />
                  <test-case name="VimCoreTest.MotionCaptureTest.Count1" executed="True" success="True" time="0.003" asserts="4" />
                  <test-case name="VimCoreTest.MotionCaptureTest.Count2" description="Count of 1" executed="True" success="True" time="0.002" asserts="4" />
                  <test-case name="VimCoreTest.MotionCaptureTest.EndOfLine1" executed="True" success="True" time="0.012" asserts="4" />
                  <test-case name="VimCoreTest.MotionCaptureTest.EndOfLine2" executed="True" success="True" time="0.006" asserts="2" />
                  <test-case name="VimCoreTest.MotionCaptureTest.EndOfLineCount1" executed="True" success="True" time="0.007" asserts="4" />
                  <test-case name="VimCoreTest.MotionCaptureTest.EndOfLineCount2" executed="True" success="True" time="0.004" asserts="4" />
                  <test-case name="VimCoreTest.MotionCaptureTest.EndOfLineCount3" description="Make sure counts past the end of the buffer don't crash" executed="True" success="True" time="0.002" asserts="2" />
                  <test-case name="VimCoreTest.MotionCaptureTest.LineUp1" executed="True" success="True" time="0.005" asserts="3" />
                  <test-case name="VimCoreTest.MotionCaptureTest.StartOfLine1" executed="True" success="True" time="0.072" asserts="4" />
                  <test-case name="VimCoreTest.MotionCaptureTest.StartOfLine2" description="Make sure it goes to the first non-whitespace character" executed="True" success="True" time="0.003" asserts="4" />
                  <test-case name="VimCoreTest.MotionCaptureTest.Word1" executed="True" success="True" time="0.023" asserts="5" />
                  <test-case name="VimCoreTest.MotionCaptureTest.Word2" executed="True" success="True" time="0.003" asserts="3" />
                  <test-case name="VimCoreTest.MotionCaptureTest.Word3" description="Word motion with a count" executed="True" success="True" time="0.002" asserts="3" />
                  <test-case name="VimCoreTest.MotionCaptureTest.Word4" description="Count across lines" executed="True" success="True" time="0.053" asserts="3" />
                  <test-case name="VimCoreTest.MotionCaptureTest.Word5" description="Count off the end of the buffer" executed="True" success="True" time="0.066" asserts="3" />
                  <test-case name="VimCoreTest.MotionCaptureTest.Word6" executed="True" success="True" time="0.002" asserts="3" />
                  <test-case name="VimCoreTest.MotionCaptureTest.Word7" executed="True" success="True" time="0.002" asserts="3" />
                </results>
              </test-suite>
            </results>
          </test-suite>
        </results>
      </test-suite>
    </results>
  </test-suite>
</test-results>