<?xml version="1.0" encoding="utf-8" standalone="no"?>
<!--This file represents the results of running a test suite-->
<test-results name="C:\Users\jaredpar\VsVim\VsVim.nunit" total="1" errors="0" failures="1" not-run="0" inconclusive="0" ignored="0" skipped="0" invalid="0" date="2009-12-14" time="17:01:19">
  <environment nunit-version="2.5.3.9345" clr-version="4.0.21006.1" os-version="Microsoft Windows NT 6.1.7600.0" platform="Win32NT" cwd="C:\Program Files (x86)\NUnit 2.5.3\bin\net-2.0" machine-name="JAREDPAR14" user="jaredpar" user-domain="REDMOND" />
  <culture-info current-culture="en-US" current-uiculture="en-US" />
  <test-suite name="C:\Users\jaredpar\VsVim\VsVim.nunit" executed="True" success="False" time="51.185" asserts="0">
    <results>
      <test-suite name="C:\Users\jaredpar\VsVim\VimCoreTest\bin\Debug\VimCoreTest.dll" executed="True" success="False" time="51.185" asserts="0">
        <properties>
          <property name="APARTMENT_STATE" value="STA" />
        </properties>
        <results>
          <test-suite name="VimCoreTest" executed="True" success="False" time="51.156" asserts="0">
            <results>
              <test-suite name="MarkMapTest" executed="True" success="False" time="51.125" asserts="0">
                <results>
                  <test-case name="VimCoreTest.MarkMapTest.GetMark2" executed="True" success="False" time="51.125" asserts="1">
                    <failure>
                      <message><![CDATA[  Expected: True
  But was:  False
]]></message>
                      <stack-trace><![CDATA[at VimCoreTest.MarkMapTest.GetMark2() in C:\Users\jaredpar\VsVim\VimCoreTest\MarkMapTest.cs:line 244
]]></stack-trace>
                    </failure>
                  </test-case>
                </results>
              </test-suite>
            </results>
          </test-suite>
        </results>
      </test-suite>
    </results>
  </test-suite>
</test-results>