<?xml version="1.0" encoding="utf-8" standalone="no"?>
<!--This file represents the results of running a test suite-->
<test-results name="C:\Users\jaredpar\VsVim\VsVim.nunit" total="11" errors="0" failures="1" not-run="0" inconclusive="0" ignored="0" skipped="0" invalid="0" date="2009-12-15" time="17:16:53">
  <environment nunit-version="2.5.3.9345" clr-version="4.0.21006.1" os-version="Microsoft Windows NT 6.1.7600.0" platform="Win32NT" cwd="C:\Program Files (x86)\NUnit 2.5.3\bin\net-2.0" machine-name="JAREDPAR14" user="jaredpar" user-domain="REDMOND" />
  <culture-info current-culture="en-US" current-uiculture="en-US" />
  <test-suite name="C:\Users\jaredpar\VsVim\VsVim.nunit" executed="True" success="False" time="5.483" asserts="0">
    <results>
      <test-suite name="C:\Users\jaredpar\VsVim\VimCoreTest\bin\Debug\VimCoreTest.dll" executed="True" success="False" time="5.473" asserts="0">
        <properties>
          <property name="APARTMENT_STATE" value="STA" />
        </properties>
        <results>
          <test-suite name="VimCoreTest" executed="True" success="False" time="5.467" asserts="0">
            <results>
              <test-suite name="CommandModeTest" executed="True" success="False" time="5.465" asserts="0">
                <properties>
                  <property name="APARTMENT_STATE" value="STA" />
                </properties>
                <results>
                  <test-case name="VimCoreTest.CommandModeTest.Jump1" executed="True" success="True" time="5.240" asserts="1" />
                  <test-case name="VimCoreTest.CommandModeTest.Jump2" executed="True" success="True" time="0.031" asserts="2" />
                  <test-case name="VimCoreTest.CommandModeTest.Jump3" executed="True" success="True" time="0.087" asserts="1" />
                  <test-case name="VimCoreTest.CommandModeTest.StatusDoubleCommand1" description="Make sure we are clearing out the input list" executed="True" success="False" time="0.011" asserts="1">
                    <failure>
                      <message><![CDATA[  Expected: 1
  But was:  0
]]></message>
                      <stack-trace><![CDATA[at VimCoreTest.CommandModeTest.StatusDoubleCommand1() in C:\Users\jaredpar\VsVim\VimCoreTest\CommandModeTest.cs:line 79
]]></stack-trace>
                    </failure>
                  </test-case>
                  <test-case name="VimCoreTest.CommandModeTest.StatusOnColon1" description="Entering command mode should update the status" executed="True" success="True" time="0.009" asserts="1" />
                  <test-case name="VimCoreTest.CommandModeTest.StatusOnLeave" description="When leaving command mode we should not clear the status because it will remove error messages" executed="True" success="True" time="0.003" asserts="1" />
                  <test-case name="VimCoreTest.CommandModeTest.StatusOnProcess" executed="True" success="True" time="0.003" asserts="1" />
                  <test-case name="VimCoreTest.CommandModeTest.Yank1" executed="True" success="True" time="0.017" asserts="1" />
                  <test-case name="VimCoreTest.CommandModeTest.Yank2" executed="True" success="True" time="0.007" asserts="1" />
                  <test-case name="VimCoreTest.CommandModeTest.Yank3" executed="True" success="True" time="0.012" asserts="1" />
                  <test-case name="VimCoreTest.CommandModeTest.Yank4" executed="True" success="True" time="0.005" asserts="1" />
                </results>
              </test-suite>
            </results>
          </test-suite>
        </results>
      </test-suite>
    </results>
  </test-suite>
</test-results>